<?xml version="1.0" encoding="UTF-8"?>
<testsuite name="any.ru.TextBoxTestst" tests="1" skipped="0" failures="0" errors="0" timestamp="2023-07-05T16:25:51" hostname="DESKTOP-8RLLAOV" time="4.859">
  <properties/>
  <testcase name="fillFormTest()" classname="any.ru.TextBoxTestst" time="4.859"/>
  <system-out><![CDATA[]]></system-out>
  <system-err><![CDATA[[Test worker] INFO com.codeborne.selenide.impl.WebDriverThreadLocalContainer - No webdriver is bound to current thread: 1 - let's create a new webdriver
[Test worker] INFO com.codeborne.selenide.impl.FileHelper - Creating folder: B:\AutoTests\TestRep\build\downloads\1688574351074_7480_1
[Test worker] INFO io.github.bonigarcia.wdm.WebDriverManager - Using chromedriver 114.0.5735.90 (resolved driver for Chrome 114)
[Test worker] INFO io.github.bonigarcia.wdm.WebDriverManager - Exporting webdriver.chrome.driver as C:\Users\maslo\.cache\selenium\chromedriver\win32\114.0.5735.90\chromedriver.exe
Starting ChromeDriver 114.0.5735.90 (386bc09e8f4f2e025eddae123f36f6263096ae49-refs/branch-heads/5735@{#1052}) on port 20050
Only local connections are allowed.
Please see https://chromedriver.chromium.org/security-considerations for suggestions on keeping ChromeDriver safe.
ChromeDriver was started successfully.
июл 05, 2023 7:25:52 PM org.openqa.selenium.remote.ProtocolHandshake createSession
INFO: Detected dialect: W3C
[Test worker] INFO com.codeborne.selenide.webdriver.HttpClientTimeouts - Changed connectTimeout from 120000 to 60000
[Test worker] INFO com.codeborne.selenide.webdriver.HttpClientTimeouts - Changed readTimeout from 10800000 to 120000
[Test worker] INFO com.codeborne.selenide.webdriver.WebDriverFactory - BrowserName=chrome Version=114.0.5735.199 Platform=WINDOWS
[Test worker] INFO com.codeborne.selenide.webdriver.WebDriverFactory - Selenide v. 5.25.0
[Test worker] INFO com.codeborne.selenide.webdriver.WebDriverFactory - Selenium WebDriver v. 3.141.59 build time: 2018-11-14T08:17:03
[Test worker] INFO com.codeborne.selenide.drivercommands.CreateDriverCommand - Create webdriver in current thread 1: ChromeDriver -> ChromeDriver: chrome on WINDOWS (082f2a0a3a6419fca230044b48d1c519)
[Test worker] INFO com.codeborne.selenide.impl.WebDriverThreadLocalContainer - Browser and proxy will stay open due to holdBrowserOpen=true: 1 -> ChromeDriver: chrome on WINDOWS (082f2a0a3a6419fca230044b48d1c519), null
]]></system-err>
</testsuite>
